0 silly input [ 'publish' ]
1 silly flags { _: [ 'publish' ], 'reject-cycles': false, rejectCycles: false }
2 verbose rootPath /Users/xupeizuo/Documents/zxp/projects/orange
3 info version 2.11.0
4 silly isInitialized
5 silly isInitialized true
6 silly existsSync /Users/xupeizuo/Documents/zxp/projects/orange/VERSION
7 silly initialize attempt
8 info current version 0.1.9
9 silly isDetachedHead
10 silly getCurrentBranch
11 verbose getCurrentBranch feature/orange-cli
12 verbose isDetachedHead false
13 silly getCurrentBranch
14 verbose getCurrentBranch feature/orange-cli
15 silly getUpdates
16 info Checking for updated packages...
17 silly hasTags
18 verbose hasTags true
19 silly getLastTag
20 verbose getLastTag v0.1.6
21 info Comparing with v0.1.6.
22 silly diffSinceIn v0.1.6 packages/orange-cli
23 silly diff packages/orange-cli/package.json
24 silly diffSinceIn v0.1.6 packages/orange-components
25 silly diff packages/orange-components/package.json
26 silly diffSinceIn v0.1.6 packages/orange-core
27 silly diff packages/orange-core/package.json
28 verbose updated orange
29 verbose updated orange-components
30 verbose updated orange-core
31 info Checking for prereleased packages...
32 silly collectDependents
33 silly isPackageDependentOf orange orange
34 silly isPackageDependentOf orange orange-components
35 silly isPackageDependentOf orange orange-core
36 silly isPackageDependentOf orange-components orange
37 silly isPackageDependentOf orange-components orange-components
38 silly isPackageDependentOf orange-components orange-core
39 silly isPackageDependentOf orange-core orange
40 silly isPackageDependentOf orange-core orange-components
41 silly isPackageDependentOf orange-core orange-core
42 silly collectUpdates
43 verbose has filtered update orange
44 verbose has filtered update orange-components
45 verbose has filtered update orange-core
46 silly initialize success
47 silly execute attempt
48 silly addFile /Users/xupeizuo/Documents/zxp/projects/orange/lerna.json
49 silly runScriptSync preversion orange
50 silly runScriptSync preversion orange
51 silly runScriptSync version orange
52 silly runScriptSync preversion orange-components
53 silly runScriptSync version orange-components
54 silly runScriptSync preversion orange-core
55 silly runScriptSync version orange-core
56 silly runScriptSync version orange
57 silly addFile /Users/xupeizuo/Documents/zxp/projects/orange/packages/orange-cli/package.json
58 silly addFile /Users/xupeizuo/Documents/zxp/projects/orange/packages/orange-components/package.json
59 silly addFile /Users/xupeizuo/Documents/zxp/projects/orange/packages/orange-core/package.json
60 silly commit v0.1.10
61 verbose commit [ 'commit', '--no-verify', '-m', 'v0.1.10' ]
62 silly addTag v0.1.10
63 silly runScriptSync postversion orange
64 silly runScriptSync postversion orange-components
65 silly runScriptSync postversion orange-core
66 silly runScriptSync postversion orange
67 info publish Publishing packages to npm...
68 silly existsSync /Users/xupeizuo/Documents/zxp/projects/orange/packages/orange-cli/scripts/prepublish.js
69 verbose execScript No prepublish script found at /Users/xupeizuo/Documents/zxp/projects/orange/packages/orange-cli/scripts/prepublish.js
70 silly existsSync /Users/xupeizuo/Documents/zxp/projects/orange/packages/orange-components/scripts/prepublish.js
71 verbose execScript No prepublish script found at /Users/xupeizuo/Documents/zxp/projects/orange/packages/orange-components/scripts/prepublish.js
72 silly existsSync /Users/xupeizuo/Documents/zxp/projects/orange/packages/orange-core/scripts/prepublish.js
73 verbose execScript No prepublish script found at /Users/xupeizuo/Documents/zxp/projects/orange/packages/orange-core/scripts/prepublish.js
74 verbose publishing orange
75 silly publishTaggedInDir latest orange-cli
76 silly getExecOpts { cwd: '/Users/xupeizuo/Documents/zxp/projects/orange/packages/orange-cli' }
77 verbose publishing orange-components
78 silly publishTaggedInDir latest orange-components
79 silly getExecOpts { cwd: '/Users/xupeizuo/Documents/zxp/projects/orange/packages/orange-components' }
80 verbose publishing orange-core
81 silly publishTaggedInDir latest orange-core
82 silly getExecOpts { cwd: '/Users/xupeizuo/Documents/zxp/projects/orange/packages/orange-core' }
83 error publish Retrying failed publish: orange
84 verbose publish error undefined
85 verbose publishing orange
86 silly publishTaggedInDir latest orange-cli
87 silly getExecOpts { cwd: '/Users/xupeizuo/Documents/zxp/projects/orange/packages/orange-cli' }
88 error publish Retrying failed publish: orange
89 verbose publish error undefined
90 verbose publishing orange
91 silly publishTaggedInDir latest orange-cli
92 silly getExecOpts { cwd: '/Users/xupeizuo/Documents/zxp/projects/orange/packages/orange-cli' }
93 info published orange-core
94 silly existsSync /Users/xupeizuo/Documents/zxp/projects/orange/packages/orange-core/scripts/postpublish.js
95 verbose execScript No postpublish script found at /Users/xupeizuo/Documents/zxp/projects/orange/packages/orange-core/scripts/postpublish.js
96 info published orange-components
97 silly existsSync /Users/xupeizuo/Documents/zxp/projects/orange/packages/orange-components/scripts/postpublish.js
98 verbose execScript No postpublish script found at /Users/xupeizuo/Documents/zxp/projects/orange/packages/orange-components/scripts/postpublish.js
99 error publish Retrying failed publish: orange
100 verbose publish error undefined
101 verbose publishing orange
102 silly publishTaggedInDir latest orange-cli
103 silly getExecOpts { cwd: '/Users/xupeizuo/Documents/zxp/projects/orange/packages/orange-cli' }
104 error publish Retrying failed publish: orange
105 verbose publish error undefined
106 verbose publishing orange
107 silly publishTaggedInDir latest orange-cli
108 silly getExecOpts { cwd: '/Users/xupeizuo/Documents/zxp/projects/orange/packages/orange-cli' }
109 error publish Ran out of retries while publishing orange Error: Command failed: npm publish --tag latest
109 error publish npm ERR! publish Failed PUT 403
109 error publish npm ERR! code E403
109 error publish npm ERR! You do not have permission to publish "orange". Are you logged in as the correct user? : orange
109 error publish
109 error publish npm ERR! A complete log of this run can be found in:
109 error publish npm ERR!     /Users/xupeizuo/.npm/_logs/2019-06-12T08_28_08_053Z-debug.log
109 error publish
109 error publish     at Promise.all.then.arr (/Users/xupeizuo/Documents/zxp/projects/orange/node_modules/lerna/node_modules/execa/index.js:236:11)
109 error publish     at <anonymous>
109 error publish     at process._tickCallback (internal/process/next_tick.js:188:7)
110 error execute callback with error
111 error Error: Command failed: npm publish --tag latest
111 error npm ERR! publish Failed PUT 403
111 error npm ERR! code E403
111 error npm ERR! You do not have permission to publish "orange". Are you logged in as the correct user? : orange
111 error
111 error npm ERR! A complete log of this run can be found in:
111 error npm ERR!     /Users/xupeizuo/.npm/_logs/2019-06-12T08_28_08_053Z-debug.log
111 error
111 error     at Promise.all.then.arr (/Users/xupeizuo/Documents/zxp/projects/orange/node_modules/lerna/node_modules/execa/index.js:236:11)
111 error     at <anonymous>
